[Header]
Signature=VISE
Version=0001
RemoveInUseFiles=0
RegistryKeyName=LogicWorks 5
Product Name=LogicWorks 5
[WinNT]
AdminPrivileges=1
[Directories2]
0=C:\Program Files (x86)
count=28
1=C:\Program Files (x86)\LogicWorks 5
2=C:\Program Files (x86)\LogicWorks 5\Tools
3=C:\Program Files (x86)\LogicWorks 5\Examples
4=C:\Program Files (x86)\LogicWorks 5\Examples\Simulation
5=C:\Program Files (x86)\LogicWorks 5\Examples\Simulation\Batch Tests
6=C:\Program Files (x86)\LogicWorks 5\Examples\VHDL
7=C:\Program Files (x86)\LogicWorks 5\Examples\VHDL\6502
8=C:\Program Files (x86)\LogicWorks 5\Examples\VHDL\Misc Tests
9=C:\Program Files (x86)\LogicWorks 5\Examples\VHDL\Misc Tests\boolean_test
10=C:\Program Files (x86)\LogicWorks 5\Examples\VHDL\Misc Tests\generic_test1
11=C:\Program Files (x86)\LogicWorks 5\Examples\VHDL\Misc Tests\generic_test2
12=C:\Program Files (x86)\LogicWorks 5\Examples\VHDL\Misc Tests\struct_adder
13=C:\Program Files (x86)\LogicWorks 5\Examples\VHDL\Yalamanchili
14=C:\Program Files (x86)\LogicWorks 5\Examples\VHDL\Yalamanchili\08_02_full_adder
15=C:\Program Files (x86)\LogicWorks 5\Libs
16=C:\Program Files (x86)\LogicWorks 5\Libs\Extra Libs
17=C:\Program Files (x86)\LogicWorks 5\Documentation
18=C:\Program Files (x86)\LogicWorks 5\Documentation\PROM-PLA Docs
19=C:\Program Files (x86)\LogicWorks 5\Documentation\Help Files
20=C:\Program Files (x86)\LogicWorks 5\Export Scripts
21=C:\Program Files (x86)\LogicWorks 5\Scripts
22=C:\ProgramData
23=C:\ProgramData\Microsoft
24=C:\ProgramData\Microsoft\Windows
25=C:\ProgramData\Microsoft\Windows\Start Menu
26=C:\ProgramData\Microsoft\Windows\Start Menu\Programs
27=C:\ProgramData\Microsoft\Windows\Start Menu\Programs\LogicWorks 5
[Files]
count=209
0=C:\Program Files (x86)\LogicWorks 5\Tools\DevEditor.dwx
1=C:\Program Files (x86)\LogicWorks 5\Tools\Drawing.dwx
2=C:\Program Files (x86)\LogicWorks 5\Tools\Export.dwx
3=C:\Program Files (x86)\LogicWorks 5\Tools\IOPanel.dwx
4=C:\Program Files (x86)\LogicWorks 5\Tools\Librarian.dwx
5=C:\Program Files (x86)\LogicWorks 5\Tools\PLA.dwx
6=C:\Program Files (x86)\LogicWorks 5\Tools\Simulator.dwx
7=C:\Program Files (x86)\LogicWorks 5\Tools\VHSim.dwx
8=C:\Program Files (x86)\LogicWorks 5\Tools\TestPanel.dwx
9=C:\Program Files (x86)\LogicWorks 5\Tools\VTiming.dwx
10=C:\Program Files (x86)\LogicWorks 5\Examples\6809.cct
11=C:\Program Files (x86)\LogicWorks 5\Examples\prom_raw.hex
12=C:\Program Files (x86)\LogicWorks 5\Examples\Simulate.CCT
13=C:\Program Files (x86)\LogicWorks 5\Examples\3-bit Counter.cct
14=C:\Program Files (x86)\LogicWorks 5\Examples\4-bit Bus.CCT
15=C:\Program Files (x86)\LogicWorks 5\Examples\5-Minute Example.CCT
16=C:\Program Files (x86)\LogicWorks 5\Examples\74181 ALU.CCT
17=C:\Program Files (x86)\LogicWorks 5\Examples\Big Ring.CCT
18=C:\Program Files (x86)\LogicWorks 5\Examples\Colours.cct
19=C:\Program Files (x86)\LogicWorks 5\Examples\Primitive Devices.CCT
20=C:\Program Files (x86)\LogicWorks 5\Examples\PROM Example.cct
21=C:\Program Files (x86)\LogicWorks 5\Examples\prom_intel.hex
22=C:\Program Files (x86)\LogicWorks 5\Examples\Simulator Batch Test.txt
23=C:\Program Files (x86)\LogicWorks 5\Examples\RAM Test.CCT
24=C:\Program Files (x86)\LogicWorks 5\Examples\Simulation\Batch Tests\Gate Test.cct
25=C:\Program Files (x86)\LogicWorks 5\Examples\Simulation\Batch Tests\Gate Test.tsv
26=C:\Program Files (x86)\LogicWorks 5\Examples\Spice Example.cct
27=C:\Program Files (x86)\LogicWorks 5\Examples\VHDL\6502\6502test.drr
28=C:\Program Files (x86)\LogicWorks 5\Examples\VHDL\6502\6502test.dwa
29=C:\Program Files (x86)\LogicWorks 5\Examples\VHDL\6502\6502test.dwv
30=C:\Program Files (x86)\LogicWorks 5\Examples\VHDL\6502\6502test.tsv
31=C:\Program Files (x86)\LogicWorks 5\Examples\VHDL\6502\addr_op_rom.dwv
32=C:\Program Files (x86)\LogicWorks 5\Examples\VHDL\6502\ALU1_rom.dwv
33=C:\Program Files (x86)\LogicWorks 5\Examples\VHDL\6502\alu2_rom.dwv
34=C:\Program Files (x86)\LogicWorks 5\Examples\VHDL\6502\alu_op_rom.dwv
35=C:\Program Files (x86)\LogicWorks 5\Examples\VHDL\6502\A_LE_rom.dwv
36=C:\Program Files (x86)\LogicWorks 5\Examples\VHDL\6502\DINT1_OP_rom.dwv
37=C:\Program Files (x86)\LogicWorks 5\Examples\VHDL\6502\DINT2_OP_rom.dwv
38=C:\Program Files (x86)\LogicWorks 5\Examples\VHDL\6502\DINT3_OP_rom.dwv
39=C:\Program Files (x86)\LogicWorks 5\Examples\VHDL\6502\din_le_rom.dwv
40=C:\Program Files (x86)\LogicWorks 5\Examples\VHDL\6502\done_rom.dwa
41=C:\Program Files (x86)\LogicWorks 5\Examples\VHDL\6502\done_rom.dwv
42=C:\Program Files (x86)\LogicWorks 5\Examples\VHDL\6502\dout_op_rom.dwv
43=C:\Program Files (x86)\LogicWorks 5\Examples\VHDL\6502\flag_op_rom.dwv
44=C:\Program Files (x86)\LogicWorks 5\Examples\VHDL\6502\mc_rom.dwa
45=C:\Program Files (x86)\LogicWorks 5\Examples\VHDL\6502\mc_rom.dwv
46=C:\Program Files (x86)\LogicWorks 5\Examples\VHDL\6502\microcode.dwa
47=C:\Program Files (x86)\LogicWorks 5\Examples\VHDL\6502\microcode.dwv
48=C:\Program Files (x86)\LogicWorks 5\Examples\VHDL\6502\pc_op_rom.dwv
49=C:\Program Files (x86)\LogicWorks 5\Examples\VHDL\6502\rd_en_rom.dwv
50=C:\Program Files (x86)\LogicWorks 5\Examples\VHDL\6502\roms.dwv
51=C:\Program Files (x86)\LogicWorks 5\Examples\VHDL\6502\sp_op_rom.dwv
52=C:\Program Files (x86)\LogicWorks 5\Examples\VHDL\6502\Untitled Scrip.dwv
53=C:\Program Files (x86)\LogicWorks 5\Examples\VHDL\6502\Untitled1.txt
54=C:\Program Files (x86)\LogicWorks 5\Examples\VHDL\6502\X_LE_rom.dwv
55=C:\Program Files (x86)\LogicWorks 5\Examples\VHDL\6502\Y_LE_rom.dwv
56=C:\Program Files (x86)\LogicWorks 5\Examples\VHDL\Misc Tests\and4b.dwa
57=C:\Program Files (x86)\LogicWorks 5\Examples\VHDL\Misc Tests\and4b.dwv
58=C:\Program Files (x86)\LogicWorks 5\Examples\VHDL\Misc Tests\bidir_test.dwv
59=C:\Program Files (x86)\LogicWorks 5\Examples\VHDL\Misc Tests\bidir_test.tsv
60=C:\Program Files (x86)\LogicWorks 5\Examples\VHDL\Misc Tests\bit_op_test.dwa
61=C:\Program Files (x86)\LogicWorks 5\Examples\VHDL\Misc Tests\bit_op_test.dwv
62=C:\Program Files (x86)\LogicWorks 5\Examples\VHDL\Misc Tests\bit_op_test.tsv
63=C:\Program Files (x86)\LogicWorks 5\Examples\VHDL\Misc Tests\block_test.dwa
64=C:\Program Files (x86)\LogicWorks 5\Examples\VHDL\Misc Tests\block_test.dwv
65=C:\Program Files (x86)\LogicWorks 5\Examples\VHDL\Misc Tests\block_test.tsv
66=C:\Program Files (x86)\LogicWorks 5\Examples\VHDL\Misc Tests\boolean_test\boolean_test.dwa
67=C:\Program Files (x86)\LogicWorks 5\Examples\VHDL\Misc Tests\boolean_test\boolean_test.dwv
68=C:\Program Files (x86)\LogicWorks 5\Examples\VHDL\Misc Tests\boolean_test\boolean_test.tsv
69=C:\Program Files (x86)\LogicWorks 5\Examples\VHDL\Misc Tests\boolean_test\bool_decl.dwv
70=C:\Program Files (x86)\LogicWorks 5\Examples\VHDL\Misc Tests\boolean_test\shift_test.dwa
71=C:\Program Files (x86)\LogicWorks 5\Examples\VHDL\Misc Tests\boolean_test\shift_test.dwv
72=C:\Program Files (x86)\LogicWorks 5\Examples\VHDL\Misc Tests\boolean_test\shift_test.tsv
73=C:\Program Files (x86)\LogicWorks 5\Examples\VHDL\Misc Tests\bool_test.dwa
74=C:\Program Files (x86)\LogicWorks 5\Examples\VHDL\Misc Tests\bool_test.dwv
75=C:\Program Files (x86)\LogicWorks 5\Examples\VHDL\Misc Tests\bool_test.tsv
76=C:\Program Files (x86)\LogicWorks 5\Examples\VHDL\Misc Tests\bus_test.dwa
77=C:\Program Files (x86)\LogicWorks 5\Examples\VHDL\Misc Tests\bus_test.dwv
78=C:\Program Files (x86)\LogicWorks 5\Examples\VHDL\Misc Tests\bus_test.tsv
79=C:\Program Files (x86)\LogicWorks 5\Examples\VHDL\Misc Tests\COUNT8.dwa
80=C:\Program Files (x86)\LogicWorks 5\Examples\VHDL\Misc Tests\COUNT8.dwv
81=C:\Program Files (x86)\LogicWorks 5\Examples\VHDL\Misc Tests\COUNT8.tsv
82=C:\Program Files (x86)\LogicWorks 5\Examples\VHDL\Misc Tests\expr_test.dwa
83=C:\Program Files (x86)\LogicWorks 5\Examples\VHDL\Misc Tests\expr_test.dwv
84=C:\Program Files (x86)\LogicWorks 5\Examples\VHDL\Misc Tests\expr_test.tsv
85=C:\Program Files (x86)\LogicWorks 5\Examples\VHDL\Misc Tests\full_adder_prims.dwv
86=C:\Program Files (x86)\LogicWorks 5\Examples\VHDL\Misc Tests\full_adder_prims.tsv
87=C:\Program Files (x86)\LogicWorks 5\Examples\VHDL\Misc Tests\func_test.dwa
88=C:\Program Files (x86)\LogicWorks 5\Examples\VHDL\Misc Tests\func_test.dwv
89=C:\Program Files (x86)\LogicWorks 5\Examples\VHDL\Misc Tests\func_test.tsv
90=C:\Program Files (x86)\LogicWorks 5\Examples\VHDL\Misc Tests\generic_test1\generic_reg.dwa
91=C:\Program Files (x86)\LogicWorks 5\Examples\VHDL\Misc Tests\generic_test1\generic_reg.dwv
92=C:\Program Files (x86)\LogicWorks 5\Examples\VHDL\Misc Tests\generic_test1\generic_reg.tsv
93=C:\Program Files (x86)\LogicWorks 5\Examples\VHDL\Misc Tests\generic_test1\generic_top.dwa
94=C:\Program Files (x86)\LogicWorks 5\Examples\VHDL\Misc Tests\generic_test1\generic_top.dwv
95=C:\Program Files (x86)\LogicWorks 5\Examples\VHDL\Misc Tests\generic_test1\generic_top.tsv
96=C:\Program Files (x86)\LogicWorks 5\Examples\VHDL\Misc Tests\generic_test2\AND_GATE.dwa
97=C:\Program Files (x86)\LogicWorks 5\Examples\VHDL\Misc Tests\generic_test2\AND_GATE.dwv
98=C:\Program Files (x86)\LogicWorks 5\Examples\VHDL\Misc Tests\generic_test2\generic_test.dwa
99=C:\Program Files (x86)\LogicWorks 5\Examples\VHDL\Misc Tests\generic_test2\generic_test.dwv
100=C:\Program Files (x86)\LogicWorks 5\Examples\VHDL\Misc Tests\generic_test2\generic_test.tsv
101=C:\Program Files (x86)\LogicWorks 5\Examples\VHDL\Misc Tests\generic_test2\NAND_GATE.dwa
102=C:\Program Files (x86)\LogicWorks 5\Examples\VHDL\Misc Tests\generic_test2\NAND_GATE.dwv
103=C:\Program Files (x86)\LogicWorks 5\Examples\VHDL\Misc Tests\generic_test2\NAND_GATE1.dwv
104=C:\Program Files (x86)\LogicWorks 5\Examples\VHDL\Misc Tests\if_test.dwv
105=C:\Program Files (x86)\LogicWorks 5\Examples\VHDL\Misc Tests\int_op_test.dwa
106=C:\Program Files (x86)\LogicWorks 5\Examples\VHDL\Misc Tests\int_op_test.dwv
107=C:\Program Files (x86)\LogicWorks 5\Examples\VHDL\Misc Tests\int_op_test.tsv
108=C:\Program Files (x86)\LogicWorks 5\Examples\VHDL\Misc Tests\multiplier.dwa
109=C:\Program Files (x86)\LogicWorks 5\Examples\VHDL\Misc Tests\multiplier.dwv
110=C:\Program Files (x86)\LogicWorks 5\Examples\VHDL\Misc Tests\multiplier.tsv
111=C:\Program Files (x86)\LogicWorks 5\Examples\VHDL\Misc Tests\proc_test1.dwv
112=C:\Program Files (x86)\LogicWorks 5\Examples\VHDL\Misc Tests\proc_test1.tsv
113=C:\Program Files (x86)\LogicWorks 5\Examples\VHDL\Misc Tests\sig_init_test.dwv
114=C:\Program Files (x86)\LogicWorks 5\Examples\VHDL\Misc Tests\state_test.dwa
115=C:\Program Files (x86)\LogicWorks 5\Examples\VHDL\Misc Tests\state_test.dwv
116=C:\Program Files (x86)\LogicWorks 5\Examples\VHDL\Misc Tests\state_test.tsv
117=C:\Program Files (x86)\LogicWorks 5\Examples\VHDL\Misc Tests\std_arith_test.dwv
118=C:\Program Files (x86)\LogicWorks 5\Examples\VHDL\Misc Tests\std_arith_test.tsv
119=C:\Program Files (x86)\LogicWorks 5\Examples\VHDL\Misc Tests\std_logic_func_test.dwa
120=C:\Program Files (x86)\LogicWorks 5\Examples\VHDL\Misc Tests\std_logic_func_test.dwv
121=C:\Program Files (x86)\LogicWorks 5\Examples\VHDL\Misc Tests\std_logic_func_test.tsv
122=C:\Program Files (x86)\LogicWorks 5\Examples\VHDL\Misc Tests\structgate.dwa
123=C:\Program Files (x86)\LogicWorks 5\Examples\VHDL\Misc Tests\structgate.dwv
124=C:\Program Files (x86)\LogicWorks 5\Examples\VHDL\Misc Tests\structgate.tsv
125=C:\Program Files (x86)\LogicWorks 5\Examples\VHDL\Misc Tests\structtest1.dwa
126=C:\Program Files (x86)\LogicWorks 5\Examples\VHDL\Misc Tests\structtest1.dwv
127=C:\Program Files (x86)\LogicWorks 5\Examples\VHDL\Misc Tests\structtest1.tsv
128=C:\Program Files (x86)\LogicWorks 5\Examples\VHDL\Misc Tests\structtest1sub.dwa
129=C:\Program Files (x86)\LogicWorks 5\Examples\VHDL\Misc Tests\structtest1sub.dwv
130=C:\Program Files (x86)\LogicWorks 5\Examples\VHDL\Misc Tests\struct_adder\adder_small.clf
131=C:\Program Files (x86)\LogicWorks 5\Examples\VHDL\Misc Tests\struct_adder\fa4.dwa
132=C:\Program Files (x86)\LogicWorks 5\Examples\VHDL\Misc Tests\struct_adder\fa4.dwv
133=C:\Program Files (x86)\LogicWorks 5\Examples\VHDL\Misc Tests\struct_adder\fa4.tsv
134=C:\Program Files (x86)\LogicWorks 5\Examples\VHDL\Misc Tests\struct_adder\vhdl_fa.dwv
135=C:\Program Files (x86)\LogicWorks 5\Examples\VHDL\Misc Tests\time_op_test.dwv
136=C:\Program Files (x86)\LogicWorks 5\Examples\VHDL\Misc Tests\time_op_test.tsv
137=C:\Program Files (x86)\LogicWorks 5\Examples\VHDL\Misc Tests\vec_array.dwv
138=C:\Program Files (x86)\LogicWorks 5\Examples\VHDL\Misc Tests\vec_array.tsv
139=C:\Program Files (x86)\LogicWorks 5\Examples\VHDL\Yalamanchili\03_02_half_adder.dwa
140=C:\Program Files (x86)\LogicWorks 5\Examples\VHDL\Yalamanchili\03_02_half_adder.dwv
141=C:\Program Files (x86)\LogicWorks 5\Examples\VHDL\Yalamanchili\03_02_half_adder.tsv
142=C:\Program Files (x86)\LogicWorks 5\Examples\VHDL\Yalamanchili\03_03_full_adder.dwa
143=C:\Program Files (x86)\LogicWorks 5\Examples\VHDL\Yalamanchili\03_03_full_adder.dwv
144=C:\Program Files (x86)\LogicWorks 5\Examples\VHDL\Yalamanchili\03_03_full_adder.tsv
145=C:\Program Files (x86)\LogicWorks 5\Examples\VHDL\Yalamanchili\03_05_mux.tsv
146=C:\Program Files (x86)\LogicWorks 5\Examples\VHDL\Yalamanchili\03_05_mux4.dwa
147=C:\Program Files (x86)\LogicWorks 5\Examples\VHDL\Yalamanchili\03_05_mux4.dwv
148=C:\Program Files (x86)\LogicWorks 5\Examples\VHDL\Yalamanchili\03_05_mux4.tsv
149=C:\Program Files (x86)\LogicWorks 5\Examples\VHDL\Yalamanchili\03_08_reg_file.dwa
150=C:\Program Files (x86)\LogicWorks 5\Examples\VHDL\Yalamanchili\03_08_reg_file.dwv
151=C:\Program Files (x86)\LogicWorks 5\Examples\VHDL\Yalamanchili\03_08_reg_file.tsv
152=C:\Program Files (x86)\LogicWorks 5\Examples\VHDL\Yalamanchili\04_02_memory.dwa
153=C:\Program Files (x86)\LogicWorks 5\Examples\VHDL\Yalamanchili\04_02_memory.dwv
154=C:\Program Files (x86)\LogicWorks 5\Examples\VHDL\Yalamanchili\04_02_memory.tsv
155=C:\Program Files (x86)\LogicWorks 5\Examples\VHDL\Yalamanchili\04_19_state_machine.dwa
156=C:\Program Files (x86)\LogicWorks 5\Examples\VHDL\Yalamanchili\04_19_state_machine.dwv
157=C:\Program Files (x86)\LogicWorks 5\Examples\VHDL\Yalamanchili\04_19_state_machine.tsv
158=C:\Program Files (x86)\LogicWorks 5\Examples\VHDL\Yalamanchili\08_02_full_adder\full_adder.dwa
159=C:\Program Files (x86)\LogicWorks 5\Examples\VHDL\Yalamanchili\08_02_full_adder\full_adder.dwv
160=C:\Program Files (x86)\LogicWorks 5\Examples\VHDL\Yalamanchili\08_02_full_adder\full_adder.tsv
161=C:\Program Files (x86)\LogicWorks 5\Examples\VHDL\Yalamanchili\08_02_full_adder\half_adder.dwv
162=C:\Program Files (x86)\LogicWorks 5\Examples\VHDL\Yalamanchili\08_02_full_adder\or_2.dwv
163=C:\Program Files (x86)\LogicWorks 5\Libs\7400.CLF
164=C:\Program Files (x86)\LogicWorks 5\Libs\Connectors.CLF
165=C:\Program Files (x86)\LogicWorks 5\Libs\Discretes.CLF
166=C:\Program Files (x86)\LogicWorks 5\Libs\Pseudo Devices.CLF
167=C:\Program Files (x86)\LogicWorks 5\Libs\Simulation Gates.clf
168=C:\Program Files (x86)\LogicWorks 5\Libs\Simulation IO.clf
169=C:\Program Files (x86)\LogicWorks 5\Libs\Simulation Logic.clf
170=C:\Program Files (x86)\LogicWorks 5\Libs\Spice.CLF
171=C:\Program Files (x86)\LogicWorks 5\Libs\VHDLPrims.clf
172=C:\Program Files (x86)\LogicWorks 5\Libs\Extra Libs\MakePLD.CLF
173=C:\Program Files (x86)\LogicWorks 5\Documentation\About LogicWorks 5.txt
174=C:\Program Files (x86)\LogicWorks 5\Documentation\LogicWorks 5 Reference.pdf
175=C:\Program Files (x86)\LogicWorks 5\Documentation\LogicWorks 5 Version History.txt
176=C:\Program Files (x86)\LogicWorks 5\Documentation\PROM-PLA Docs\PLA DWL Help.txt
177=C:\Program Files (x86)\LogicWorks 5\Documentation\PROM-PLA Docs\PLA Raw Help.txt
178=C:\Program Files (x86)\LogicWorks 5\Documentation\PROM-PLA Docs\PROM Hex Help.txt
179=C:\Program Files (x86)\LogicWorks 5\Documentation\PROM-PLA Docs\PROM Intel Help.txt
180=C:\Program Files (x86)\LogicWorks 5\Documentation\Help Files\ROBOEX32.DLL
181=C:\Program Files (x86)\LogicWorks 5\Documentation\Help Files\UsingLW5.cnt
182=C:\Program Files (x86)\LogicWorks 5\Documentation\Help Files\USINGLW5.HLP
183=C:\Program Files (x86)\LogicWorks 5\Export Scripts\Berkeley SPICE Netlist.rfm
184=C:\Program Files (x86)\LogicWorks 5\Export Scripts\Commercial SPICE Netlist.rfm
185=C:\Program Files (x86)\LogicWorks 5\Export Scripts\Generic PCB Netlist.rfm
186=C:\Program Files (x86)\LogicWorks 5\Export Scripts\Parts List.rfm
187=C:\Program Files (x86)\LogicWorks 5\Scripts\IOPanelDefault.html
188=C:\Program Files (x86)\LogicWorks 5\Scripts\IOPanel6502.html
189=C:\Program Files (x86)\LogicWorks 5\cmax101.dll
190=C:\Program Files (x86)\LogicWorks 5\System.dll
191=C:\Program Files (x86)\LogicWorks 5\LogicWorks.exe
192=C:\Program Files (x86)\LogicWorks 5\lw.INI
193=C:\Program Files (x86)\LogicWorks 5\vc6-re200l.dll
194=C:\Program Files (x86)\LogicWorks 5\MFC42.DLL
195=C:\Program Files (x86)\LogicWorks 5\MFC71.dll
196=C:\Program Files (x86)\LogicWorks 5\msvcp71.dll
197=C:\Program Files (x86)\LogicWorks 5\msvcr71.dll
198=C:\Program Files (x86)\LogicWorks 5\msvcrt.dll
199=C:\Program Files (x86)\LogicWorks 5\OT802as.dll
200=C:\Program Files (x86)\LogicWorks 5\RWUXThemeS.dll
201=C:\Program Files (x86)\LogicWorks 5\sfl202as.dll
202=C:\Program Files (x86)\LogicWorks 5\XGridCtrl.ocx
203=C:\Program Files (x86)\LogicWorks 5\XTX400.tlb
204=C:\ProgramData\Microsoft\Windows\Start Menu\Programs\LogicWorks 5\LogicWorks 5.lnk
205=C:\ProgramData\Microsoft\Windows\Start Menu\Programs\LogicWorks 5\Read Me about LogicWorks 5.lnk
206=C:\ProgramData\Microsoft\Windows\Start Menu\Programs\LogicWorks 5\LogicWorks Program Folder.lnk
207=C:\ProgramData\Microsoft\Windows\Start Menu\Programs\LogicWorks 5\LogicWorks Home Page.url
208=C:\ProgramData\Microsoft\Windows\Start Menu\Programs\LogicWorks 5\Remove LogicWorks 5.lnk
[Shortcuts]
0=C:\PROGRA~2\LOGICW~1\DOCUME~1\LOGICW~1.LNK
[SelfRegisteringFiles]
0=C:\Program Files (x86)\LogicWorks 5\XGridCtrl.ocx
1=C:\Program Files (x86)\LogicWorks 5\XTX400.tlb
[Strings]
IDS_STRING1=Are you sure you want to completely remove the selected application and all of its components?
IDS_STRING2=Confirm File Deletion
IDS_STRING3=The system indicates that the following shared file is no longer used by any programs.
IDS_STRING4=Remove Shared File?
IDS_STRING5=Uninstall successfully completed.
IDS_STRING6=Uninstall
IDS_STRING7=If any programs are still using this file and it is removed, those programs may not function. Are you sure you want to remove the shared file?
IDS_STRING8=Uninstall was partially successful.
IDS_ADMINPRIVILEGESNEEDED=Administrative privileges are needed to uninstall this software.
IDS_YES=&Yes
IDS_NO=&No
IDS_YESTOALL=Yes to &All
IDS_REMOVINGFILE=Removing File:
IDS_STRING16=You must shut down and restart your computer before the new settings will take effect.
IDS_STRING17=Do you want to restart your computer now?
